<?xml version="1.0" encoding="UTF-8"?>
<!-- Generated by org.testng.reporters.JUnitXMLReporter -->
<testsuite ignored="0" hostname="DESKTOP-F84M1HR" failures="0" tests="3" name="Default test" time="0.15" errors="0" timestamp="2024-05-02T19:51:18 EDT">
  <testcase classname="com.TestNG.Practice.TestNgPractice" name="getLogin" time="0.011"/>
  <testcase classname="com.TestNG.Practice.TestNgPractice" name="getPayment" time="0.01"/>
  <testcase classname="com.TestNG.Practice.TestNgPractice" name="getProduct" time="0.004"/>
</testsuite> <!-- Default test -->
