<?xml version="1.0" encoding="UTF-8"?>
<!-- Generated by org.testng.reporters.JUnitXMLReporter -->
<testsuite ignored="0" hostname="DESKTOP-F84M1HR" failures="0" tests="4" name="Test" time="0.126" errors="0" timestamp="2024-04-28T12:17:45 EDT">
  <testcase classname="com.Regression.TestRunWithTestngLogin3" name="getLogin" time="0.023"/>
  <testcase classname="com.Smoke.TestRunWithTestNGFunctionalTest3" name="getFunction" time="0.022"/>
  <testcase classname="com.Regression.TestRunWithTestngProduct3" name="getProduct" time="0.023"/>
  <testcase classname="com.Regression.TestRunWithTestngPayment3" name="getPayment" time="0.023"/>
</testsuite> <!-- Test -->
