<?xml version="1.0" encoding="UTF-8"?>
<testng-results ignored="0" total="4" passed="4" failed="0" skipped="0">
  <reporter-output>
  </reporter-output>
  <suite started-at="2024-04-28T12:17:45 EDT" name="Suite" finished-at="2024-04-28T12:17:45 EDT" duration-ms="126">
    <groups>
      <group name="Functional">
        <method signature="TestRunWithTestngLogin3.getLogin()[pri:0, instance:com.Regression.TestRunWithTestngLogin3@4135c3b]" name="getLogin" class="com.Regression.TestRunWithTestngLogin3"/>
        <method signature="TestRunWithTestngPayment3.getPayment()[pri:1, instance:com.Regression.TestRunWithTestngPayment3@4d5d943d]" name="getPayment" class="com.Regression.TestRunWithTestngPayment3"/>
      </group> <!-- Functional -->
      <group name="Resgression">
        <method signature="TestRunWithTestngLogin3.getLogin()[pri:0, instance:com.Regression.TestRunWithTestngLogin3@4135c3b]" name="getLogin" class="com.Regression.TestRunWithTestngLogin3"/>
      </group> <!-- Resgression -->
      <group name="Smoke">
        <method signature="TestRunWithTestngLogin3.getLogin()[pri:0, instance:com.Regression.TestRunWithTestngLogin3@4135c3b]" name="getLogin" class="com.Regression.TestRunWithTestngLogin3"/>
      </group> <!-- Smoke -->
      <group name="Unit Test">
        <method signature="TestRunWithTestngLogin3.getLogin()[pri:0, instance:com.Regression.TestRunWithTestngLogin3@4135c3b]" name="getLogin" class="com.Regression.TestRunWithTestngLogin3"/>
        <method signature="TestRunWithTestngProduct3.getProduct()[pri:2, instance:com.Regression.TestRunWithTestngProduct3@368f2016]" name="getProduct" class="com.Regression.TestRunWithTestngProduct3"/>
        <method signature="TestRunWithTestNGFunctionalTest3.getFunction()[pri:2, instance:com.Smoke.TestRunWithTestNGFunctionalTest3@4c583ecf]" name="getFunction" class="com.Smoke.TestRunWithTestNGFunctionalTest3"/>
      </group> <!-- Unit Test -->
    </groups>
    <test started-at="2024-04-28T12:17:45 EDT" name="Test" finished-at="2024-04-28T12:17:45 EDT" duration-ms="126">
      <class name="com.Smoke.TestRunWithTestNGFunctionalTest3">
        <test-method signature="getFunction()[pri:2, instance:com.Smoke.TestRunWithTestNGFunctionalTest3@4c583ecf]" started-at="2024-04-28T12:17:45 EDT" name="getFunction" description="Billing" finished-at="2024-04-28T12:17:45 EDT" duration-ms="22" status="PASS">
          <reporter-output>
          </reporter-output>
        </test-method> <!-- getFunction -->
      </class> <!-- com.Smoke.TestRunWithTestNGFunctionalTest3 -->
      <class name="com.Regression.TestRunWithTestngPayment3">
        <test-method signature="getPayment()[pri:1, instance:com.Regression.TestRunWithTestngPayment3@4d5d943d]" started-at="2024-04-28T12:17:45 EDT" name="getPayment" description="Payment Function" finished-at="2024-04-28T12:17:45 EDT" duration-ms="23" status="PASS">
          <reporter-output>
          </reporter-output>
        </test-method> <!-- getPayment -->
      </class> <!-- com.Regression.TestRunWithTestngPayment3 -->
      <class name="com.Regression.TestRunWithTestngLogin3">
        <test-method signature="getLogin()[pri:0, instance:com.Regression.TestRunWithTestngLogin3@4135c3b]" started-at="2024-04-28T12:17:45 EDT" name="getLogin" description="Login Function" finished-at="2024-04-28T12:17:45 EDT" duration-ms="23" status="PASS">
          <reporter-output>
          </reporter-output>
        </test-method> <!-- getLogin -->
      </class> <!-- com.Regression.TestRunWithTestngLogin3 -->
      <class name="com.Regression.TestRunWithTestngProduct3">
        <test-method signature="getProduct()[pri:2, instance:com.Regression.TestRunWithTestngProduct3@368f2016]" started-at="2024-04-28T12:17:45 EDT" name="getProduct" description="Product Function" finished-at="2024-04-28T12:17:45 EDT" duration-ms="23" status="PASS">
          <reporter-output>
          </reporter-output>
        </test-method> <!-- getProduct -->
      </class> <!-- com.Regression.TestRunWithTestngProduct3 -->
    </test> <!-- Test -->
  </suite> <!-- Suite -->
</testng-results>
