<?xml version="1.0" encoding="UTF-8"?>
<testng-results ignored="0" total="2" passed="2" failed="0" skipped="0">
  <reporter-output>
  </reporter-output>
  <suite started-at="2024-05-25T19:19:33 EDT" name="Suite" finished-at="2024-05-25T19:20:55 EDT" duration-ms="81658">
    <groups>
      <group name="cucumber">
        <method signature="AbstractTestNGCucumberTests.runScenario(io.cucumber.testng.PickleEventWrapper,io.cucumber.testng.CucumberFeatureWrapper)[pri:0, instance:com.BDD.cucumber.practice.RunnerPractice3@3857f613]" name="runScenario" class="io.cucumber.testng.AbstractTestNGCucumberTests"/>
      </group> <!-- cucumber -->
    </groups>
    <test started-at="2024-05-25T19:19:33 EDT" name="Test" finished-at="2024-05-25T19:20:55 EDT" duration-ms="81658">
      <class name="com.BDD.cucumber.practice.RunnerPractice3">
        <test-method is-config="true" signature="setUp()[pri:0, instance:com.BDD.cucumber.practice.RunnerPractice3@3857f613]" started-at="2024-05-25T19:19:33 EDT" name="setUp" finished-at="2024-05-25T19:19:33 EDT" duration-ms="14" status="PASS">
          <reporter-output>
          </reporter-output>
        </test-method> <!-- setUp -->
        <test-method is-config="true" signature="setUpClass()[pri:0, instance:com.BDD.cucumber.practice.RunnerPractice3@3857f613]" started-at="2024-05-25T19:19:33 EDT" name="setUpClass" finished-at="2024-05-25T19:19:33 EDT" duration-ms="206" status="PASS">
          <reporter-output>
          </reporter-output>
        </test-method> <!-- setUpClass -->
        <test-method signature="test1()[pri:0, instance:com.BDD.cucumber.practice.RunnerPractice3@3857f613]" started-at="2024-05-25T19:19:33 EDT" name="test1" finished-at="2024-05-25T19:19:33 EDT" duration-ms="7" status="PASS">
          <reporter-output>
          </reporter-output>
        </test-method> <!-- test1 -->
        <test-method signature="runScenario(io.cucumber.testng.PickleEventWrapper,io.cucumber.testng.CucumberFeatureWrapper)[pri:0, instance:com.BDD.cucumber.practice.RunnerPractice3@3857f613]" started-at="2024-05-25T19:19:33 EDT" name="runScenario" description="Runs Cucumber Scenarios" data-provider="scenarios" finished-at="2024-05-25T19:20:54 EDT" duration-ms="81046" status="PASS">
          <params>
            <param index="0">
              <value>
                <![CDATA["Login function test with valid credential"]]>
              </value>
            </param>
            <param index="1">
              <value>
                <![CDATA["Login function test"]]>
              </value>
            </param>
          </params>
          <reporter-output>
          </reporter-output>
        </test-method> <!-- runScenario -->
        <test-method is-config="true" signature="tearDownClass()[pri:0, instance:com.BDD.cucumber.practice.RunnerPractice3@3857f613]" started-at="2024-05-25T19:20:54 EDT" name="tearDownClass" finished-at="2024-05-25T19:20:55 EDT" duration-ms="141" status="PASS">
          <reporter-output>
          </reporter-output>
        </test-method> <!-- tearDownClass -->
        <test-method is-config="true" signature="tearDown()[pri:0, instance:com.BDD.cucumber.practice.RunnerPractice3@3857f613]" started-at="2024-05-25T19:20:55 EDT" name="tearDown" finished-at="2024-05-25T19:20:55 EDT" duration-ms="1" status="PASS">
          <reporter-output>
          </reporter-output>
        </test-method> <!-- tearDown -->
      </class> <!-- com.BDD.cucumber.practice.RunnerPractice3 -->
    </test> <!-- Test -->
  </suite> <!-- Suite -->
</testng-results>
